# JRE version: OpenJDK Runtime Environment Temurin-17.0.2+8 (17.0.2+8) (build 17.0.2+8)
# Java VM: OpenJDK 64-Bit Server VM Temurin-17.0.2+8 (17.0.2+8, mixed mode, tiered, compressed oops, compressed class ptrs, parallel gc, windows-amd64)
GC Precious Log:
 CPUs: 2 total, 2 available
 Memory: 3915M
 Large Page Support: Disabled
 NUMA Support: Disabled
 Compressed Oops: Enabled (32-bit)
 Alignments: Space 512K, Generation 512K, Heap 2M
 Heap Min Capacity: 100M
 Heap Initial Capacity: 100M
 Heap Max Capacity: 1G
 Pre-touch: Disabled
 Parallel Workers: 2
Heap:
 PSYoungGen      total 5632K, used 4329K [0x00000000eab00000, 0x00000000eb600000, 0x0000000100000000)
  eden space 5120K, 78% used [0x00000000eab00000,0x00000000eaef2750,0x00000000eb000000)
  from space 512K, 56% used [0x00000000eb580000,0x00000000eb5c8000,0x00000000eb600000)
  to   space 2048K, 0% used [0x00000000eb200000,0x00000000eb200000,0x00000000eb400000)
 ParOldGen       total 312320K, used 255418K [0x00000000c0000000, 0x00000000d3100000, 0x00000000eab00000)
  object space 312320K, 81% used [0x00000000c0000000,0x00000000cf96eb20,0x00000000d3100000)
 Metaspace       used 76690K, committed 77632K, reserved 1122304K
  class space    used 7778K, committed 8192K, reserved 1048576K
GC Heap History (20 events):
Event: 1816.564 GC heap before
{Heap before GC invocations=975 (full 23):
 PSYoungGen      total 6656K, used 6464K [0x00000000eab00000, 0x00000000eb680000, 0x0000000100000000)
  eden space 5120K, 100% used [0x00000000eab00000,0x00000000eb000000,0x00000000eb000000)
  from space 1536K, 87% used [0x00000000eb500000,0x00000000eb650000,0x00000000eb680000)
  to   space 1536K, 0% used [0x00000000eb380000,0x00000000eb380000,0x00000000eb500000)
 ParOldGen       total 303104K, used 297701K [0x00000000c0000000, 0x00000000d2800000, 0x00000000eab00000)
  object space 303104K, 98% used [0x00000000c0000000,0x00000000d22b9760,0x00000000d2800000)
 Metaspace       used 76668K, committed 77632K, reserved 1122304K
  class space    used 7777K, committed 8192K, reserved 1048576K
}
Event: 1816.574 GC heap after
{Heap after GC invocations=975 (full 23):
 PSYoungGen      total 6656K, used 1508K [0x00000000eab00000, 0x00000000eb700000, 0x0000000100000000)
  eden space 5120K, 0% used [0x00000000eab00000,0x00000000eab00000,0x00000000eb000000)
  from space 1536K, 98% used [0x00000000eb380000,0x00000000eb4f9000,0x00000000eb500000)
  to   space 2048K, 0% used [0x00000000eb500000,0x00000000eb500000,0x00000000eb700000)
 ParOldGen       total 303104K, used 299029K [0x00000000c0000000, 0x00000000d2800000, 0x00000000eab00000)
  object space 303104K, 98% used [0x00000000c0000000,0x00000000d2405760,0x00000000d2800000)
 Metaspace       used 76668K, committed 77632K, reserved 1122304K
  class space    used 7777K, committed 8192K, reserved 1048576K
}
Event: 1816.758 GC heap before
{Heap before GC invocations=976 (full 23):
 PSYoungGen      total 6656K, used 6628K [0x00000000eab00000, 0x00000000eb700000, 0x0000000100000000)
  eden space 5120K, 100% used [0x00000000eab00000,0x00000000eb000000,0x00000000eb000000)
  from space 1536K, 98% used [0x00000000eb380000,0x00000000eb4f9000,0x00000000eb500000)
  to   space 2048K, 0% used [0x00000000eb500000,0x00000000eb500000,0x00000000eb700000)
 ParOldGen       total 303104K, used 299029K [0x00000000c0000000, 0x00000000d2800000, 0x00000000eab00000)
  object space 303104K, 98% used [0x00000000c0000000,0x00000000d2405760,0x00000000d2800000)
 Metaspace       used 76668K, committed 77632K, reserved 1122304K
  class space    used 7777K, committed 8192K, reserved 1048576K
}
Event: 1816.768 GC heap after
{Heap after GC invocations=976 (full 23):
 PSYoungGen      total 6656K, used 1472K [0x00000000eab00000, 0x00000000eb680000, 0x0000000100000000)
  eden space 5120K, 0% used [0x00000000eab00000,0x00000000eab00000,0x00000000eb000000)
  from space 1536K, 95% used [0x00000000eb500000,0x00000000eb670000,0x00000000eb680000)
  to   space 2048K, 0% used [0x00000000eb280000,0x00000000eb280000,0x00000000eb480000)
 ParOldGen       total 303104K, used 300542K [0x00000000c0000000, 0x00000000d2800000, 0x00000000eab00000)
  object space 303104K, 99% used [0x00000000c0000000,0x00000000d257fb00,0x00000000d2800000)
 Metaspace       used 76668K, committed 77632K, reserved 1122304K
  class space    used 7777K, committed 8192K, reserved 1048576K
}
Event: 1816.838 GC heap before
{Heap before GC invocations=977 (full 23):
 PSYoungGen      total 6656K, used 6592K [0x00000000eab00000, 0x00000000eb680000, 0x0000000100000000)
  eden space 5120K, 100% used [0x00000000eab00000,0x00000000eb000000,0x00000000eb000000)
  from space 1536K, 95% used [0x00000000eb500000,0x00000000eb670000,0x00000000eb680000)
  to   space 2048K, 0% used [0x00000000eb280000,0x00000000eb280000,0x00000000eb480000)
 ParOldGen       total 303104K, used 300542K [0x00000000c0000000, 0x00000000d2800000, 0x00000000eab00000)
  object space 303104K, 99% used [0x00000000c0000000,0x00000000d257fb00,0x00000000d2800000)
 Metaspace       used 76668K, committed 77632K, reserved 1122304K
  class space    used 7777K, committed 8192K, reserved 1048576K
}
Event: 1816.847 GC heap after
{Heap after GC invocations=977 (full 23):
 PSYoungGen      total 6656K, used 1422K [0x00000000eab00000, 0x00000000eb580000, 0x0000000100000000)
  eden space 5120K, 0% used [0x00000000eab00000,0x00000000eab00000,0x00000000eb000000)
  from space 1536K, 92% used [0x00000000eb280000,0x00000000eb3e39e0,0x00000000eb400000)
  to   space 1536K, 0% used [0x00000000eb400000,0x00000000eb400000,0x00000000eb580000)
 ParOldGen       total 303104K, used 301997K [0x00000000c0000000, 0x00000000d2800000, 0x00000000eab00000)
  object space 303104K, 99% used [0x00000000c0000000,0x00000000d26eb598,0x00000000d2800000)
 Metaspace       used 76668K, committed 77632K, reserved 1122304K
  class space    used 7777K, committed 8192K, reserved 1048576K
}
Event: 1816.847 GC heap before
{Heap before GC invocations=978 (full 24):
 PSYoungGen      total 6656K, used 1422K [0x00000000eab00000, 0x00000000eb580000, 0x0000000100000000)
  eden space 5120K, 0% used [0x00000000eab00000,0x00000000eab00000,0x00000000eb000000)
  from space 1536K, 92% used [0x00000000eb280000,0x00000000eb3e39e0,0x00000000eb400000)
  to   space 1536K, 0% used [0x00000000eb400000,0x00000000eb400000,0x00000000eb580000)
 ParOldGen       total 303104K, used 301997K [0x00000000c0000000, 0x00000000d2800000, 0x00000000eab00000)
  object space 303104K, 99% used [0x00000000c0000000,0x00000000d26eb598,0x00000000d2800000)
 Metaspace       used 76668K, committed 77632K, reserved 1122304K
  class space    used 7777K, committed 8192K, reserved 1048576K
}
Event: 1817.168 GC heap after
{Heap after GC invocations=978 (full 24):
 PSYoungGen      total 5632K, used 0K [0x00000000eab00000, 0x00000000eb480000, 0x0000000100000000)
  eden space 5120K, 0% used [0x00000000eab00000,0x00000000eab00000,0x00000000eb000000)
  from space 512K, 0% used [0x00000000eb400000,0x00000000eb400000,0x00000000eb480000)
  to   space 1536K, 0% used [0x00000000eb180000,0x00000000eb180000,0x00000000eb300000)
 ParOldGen       total 312320K, used 247259K [0x00000000c0000000, 0x00000000d3100000, 0x00000000eab00000)
  object space 312320K, 79% used [0x00000000c0000000,0x00000000cf176d10,0x00000000d3100000)
 Metaspace       used 76668K, committed 77632K, reserved 1122304K
  class space    used 7777K, committed 8192K, reserved 1048576K
}
Event: 1817.227 GC heap before
{Heap before GC invocations=979 (full 24):
 PSYoungGen      total 5632K, used 5120K [0x00000000eab00000, 0x00000000eb480000, 0x0000000100000000)
  eden space 5120K, 100% used [0x00000000eab00000,0x00000000eb000000,0x00000000eb000000)
  from space 512K, 0% used [0x00000000eb400000,0x00000000eb400000,0x00000000eb480000)
  to   space 1536K, 0% used [0x00000000eb180000,0x00000000eb180000,0x00000000eb300000)
 ParOldGen       total 312320K, used 247259K [0x00000000c0000000, 0x00000000d3100000, 0x00000000eab00000)
  object space 312320K, 79% used [0x00000000c0000000,0x00000000cf176d10,0x00000000d3100000)
 Metaspace       used 76668K, committed 77632K, reserved 1122304K
  class space    used 7777K, committed 8192K, reserved 1048576K
}
Event: 1817.232 GC heap after
{Heap after GC invocations=979 (full 24):
 PSYoungGen      total 6656K, used 1184K [0x00000000eab00000, 0x00000000eb480000, 0x0000000100000000)
  eden space 5120K, 0% used [0x00000000eab00000,0x00000000eab00000,0x00000000eb000000)
  from space 1536K, 77% used [0x00000000eb180000,0x00000000eb2a8000,0x00000000eb300000)
  to   space 1536K, 0% used [0x00000000eb300000,0x00000000eb300000,0x00000000eb480000)
 ParOldGen       total 312320K, used 247259K [0x00000000c0000000, 0x00000000d3100000, 0x00000000eab00000)
  object space 312320K, 79% used [0x00000000c0000000,0x00000000cf176d10,0x00000000d3100000)
 Metaspace       used 76668K, committed 77632K, reserved 1122304K
  class space    used 7777K, committed 8192K, reserved 1048576K
}
Event: 1817.293 GC heap before
{Heap before GC invocations=980 (full 24):
 PSYoungGen      total 6656K, used 6304K [0x00000000eab00000, 0x00000000eb480000, 0x0000000100000000)
  eden space 5120K, 100% used [0x00000000eab00000,0x00000000eb000000,0x00000000eb000000)
  from space 1536K, 77% used [0x00000000eb180000,0x00000000eb2a8000,0x00000000eb300000)
  to   space 1536K, 0% used [0x00000000eb300000,0x00000000eb300000,0x00000000eb480000)
 ParOldGen       total 312320K, used 247259K [0x00000000c0000000, 0x00000000d3100000, 0x00000000eab00000)
  object space 312320K, 79% used [0x00000000c0000000,0x00000000cf176d10,0x00000000d3100000)
 Metaspace       used 76682K, committed 77632K, reserved 1122304K
  class space    used 7778K, committed 8192K, reserved 1048576K
}
Event: 1817.301 GC heap after
{Heap after GC invocations=980 (full 24):
 PSYoungGen      total 6144K, used 864K [0x00000000eab00000, 0x00000000eb400000, 0x0000000100000000)
  eden space 5120K, 0% used [0x00000000eab00000,0x00000000eab00000,0x00000000eb000000)
  from space 1024K, 84% used [0x00000000eb300000,0x00000000eb3d8000,0x00000000eb400000)
  to   space 1024K, 0% used [0x00000000eb200000,0x00000000eb200000,0x00000000eb300000)
 ParOldGen       total 312320K, used 248427K [0x00000000c0000000, 0x00000000d3100000, 0x00000000eab00000)
  object space 312320K, 79% used [0x00000000c0000000,0x00000000cf29ad10,0x00000000d3100000)
 Metaspace       used 76682K, committed 77632K, reserved 1122304K
  class space    used 7778K, committed 8192K, reserved 1048576K
}
Event: 1817.367 GC heap before
{Heap before GC invocations=981 (full 24):
 PSYoungGen      total 6144K, used 5984K [0x00000000eab00000, 0x00000000eb400000, 0x0000000100000000)
  eden space 5120K, 100% used [0x00000000eab00000,0x00000000eb000000,0x00000000eb000000)
  from space 1024K, 84% used [0x00000000eb300000,0x00000000eb3d8000,0x00000000eb400000)
  to   space 1024K, 0% used [0x00000000eb200000,0x00000000eb200000,0x00000000eb300000)
 ParOldGen       total 312320K, used 248427K [0x00000000c0000000, 0x00000000d3100000, 0x00000000eab00000)
  object space 312320K, 79% used [0x00000000c0000000,0x00000000cf29ad10,0x00000000d3100000)
 Metaspace       used 76686K, committed 77632K, reserved 1122304K
  class space    used 7778K, committed 8192K, reserved 1048576K
}
Event: 1817.376 GC heap after
{Heap after GC invocations=981 (full 24):
 PSYoungGen      total 6144K, used 1024K [0x00000000eab00000, 0x00000000eb500000, 0x0000000100000000)
  eden space 5120K, 0% used [0x00000000eab00000,0x00000000eab00000,0x00000000eb000000)
  from space 1024K, 100% used [0x00000000eb200000,0x00000000eb300000,0x00000000eb300000)
  to   space 2048K, 0% used [0x00000000eb300000,0x00000000eb300000,0x00000000eb500000)
 ParOldGen       total 312320K, used 249401K [0x00000000c0000000, 0x00000000d3100000, 0x00000000eab00000)
  object space 312320K, 79% used [0x00000000c0000000,0x00000000cf38e5d0,0x00000000d3100000)
 Metaspace       used 76686K, committed 77632K, reserved 1122304K
  class space    used 7778K, committed 8192K, reserved 1048576K
}
Event: 1817.414 GC heap before
{Heap before GC invocations=982 (full 24):
 PSYoungGen      total 6144K, used 6057K [0x00000000eab00000, 0x00000000eb500000, 0x0000000100000000)
  eden space 5120K, 98% used [0x00000000eab00000,0x00000000eafea6a8,0x00000000eb000000)
  from space 1024K, 100% used [0x00000000eb200000,0x00000000eb300000,0x00000000eb300000)
  to   space 2048K, 0% used [0x00000000eb300000,0x00000000eb300000,0x00000000eb500000)
 ParOldGen       total 312320K, used 249401K [0x00000000c0000000, 0x00000000d3100000, 0x00000000eab00000)
  object space 312320K, 79% used [0x00000000c0000000,0x00000000cf38e5d0,0x00000000d3100000)
 Metaspace       used 76686K, committed 77632K, reserved 1122304K
  class space    used 7778K, committed 8192K, reserved 1048576K
}
Event: 1817.421 GC heap after
{Heap after GC invocations=982 (full 24):
 PSYoungGen      total 6656K, used 1160K [0x00000000eab00000, 0x00000000eb480000, 0x0000000100000000)
  eden space 5120K, 0% used [0x00000000eab00000,0x00000000eab00000,0x00000000eb000000)
  from space 1536K, 75% used [0x00000000eb300000,0x00000000eb422010,0x00000000eb480000)
  to   space 1536K, 0% used [0x00000000eb180000,0x00000000eb180000,0x00000000eb300000)
 ParOldGen       total 312320K, used 250443K [0x00000000c0000000, 0x00000000d3100000, 0x00000000eab00000)
  object space 312320K, 80% used [0x00000000c0000000,0x00000000cf492ca8,0x00000000d3100000)
 Metaspace       used 76686K, committed 77632K, reserved 1122304K
  class space    used 7778K, committed 8192K, reserved 1048576K
}
Event: 1817.579 GC heap before
{Heap before GC invocations=983 (full 24):
 PSYoungGen      total 6656K, used 6280K [0x00000000eab00000, 0x00000000eb480000, 0x0000000100000000)
  eden space 5120K, 100% used [0x00000000eab00000,0x00000000eb000000,0x00000000eb000000)
  from space 1536K, 75% used [0x00000000eb300000,0x00000000eb422010,0x00000000eb480000)
  to   space 1536K, 0% used [0x00000000eb180000,0x00000000eb180000,0x00000000eb300000)
 ParOldGen       total 312320K, used 250443K [0x00000000c0000000, 0x00000000d3100000, 0x00000000eab00000)
  object space 312320K, 80% used [0x00000000c0000000,0x00000000cf492ca8,0x00000000d3100000)
 Metaspace       used 76686K, committed 77632K, reserved 1122304K
  class space    used 7778K, committed 8192K, reserved 1048576K
}
Event: 1817.589 GC heap after
{Heap after GC invocations=983 (full 24):
 PSYoungGen      total 6656K, used 1514K [0x00000000eab00000, 0x00000000ebb00000, 0x0000000100000000)
  eden space 5120K, 0% used [0x00000000eab00000,0x00000000eab00000,0x00000000eb000000)
  from space 1536K, 98% used [0x00000000eb180000,0x00000000eb2fab40,0x00000000eb300000)
  to   space 5632K, 0% used [0x00000000eb580000,0x00000000eb580000,0x00000000ebb00000)
 ParOldGen       total 312320K, used 253887K [0x00000000c0000000, 0x00000000d3100000, 0x00000000eab00000)
  object space 312320K, 81% used [0x00000000c0000000,0x00000000cf7effe0,0x00000000d3100000)
 Metaspace       used 76686K, committed 77632K, reserved 1122304K
  class space    used 7778K, committed 8192K, reserved 1048576K
}
Event: 1818.398 GC heap before
{Heap before GC invocations=984 (full 24):
 PSYoungGen      total 6656K, used 6634K [0x00000000eab00000, 0x00000000ebb00000, 0x0000000100000000)
  eden space 5120K, 100% used [0x00000000eab00000,0x00000000eb000000,0x00000000eb000000)
  from space 1536K, 98% used [0x00000000eb180000,0x00000000eb2fab40,0x00000000eb300000)
  to   space 5632K, 0% used [0x00000000eb580000,0x00000000eb580000,0x00000000ebb00000)
 ParOldGen       total 312320K, used 253887K [0x00000000c0000000, 0x00000000d3100000, 0x00000000eab00000)
  object space 312320K, 81% used [0x00000000c0000000,0x00000000cf7effe0,0x00000000d3100000)
 Metaspace       used 76688K, committed 77632K, reserved 1122304K
  class space    used 7778K, committed 8192K, reserved 1048576K
}
Event: 1818.403 GC heap after
{Heap after GC invocations=984 (full 24):
 PSYoungGen      total 5632K, used 288K [0x00000000eab00000, 0x00000000eb600000, 0x0000000100000000)
  eden space 5120K, 0% used [0x00000000eab00000,0x00000000eab00000,0x00000000eb000000)
  from space 512K, 56% used [0x00000000eb580000,0x00000000eb5c8000,0x00000000eb600000)
  to   space 2048K, 0% used [0x00000000eb200000,0x00000000eb200000,0x00000000eb400000)
 ParOldGen       total 312320K, used 255418K [0x00000000c0000000, 0x00000000d3100000, 0x00000000eab00000)
  object space 312320K, 81% used [0x00000000c0000000,0x00000000cf96eb20,0x00000000d3100000)
 Metaspace       used 76688K, committed 77632K, reserved 1122304K
  class space    used 7778K, committed 8192K, reserved 1048576K
}

